<html><body>
<h1>Plugin: com.github.johnrengelman.shadow</h1>
<h2 id='4.0.4'>Version: 4.0.4</h2>
<h5>Validation check - OK</h5>
<a href="https://gradle.com/s/osdemgsfc37co"  target="_blank">Build scan</a>
<pre>> Task :validatePluginWithId_com_github_jengelman_gradle_plugins_shadow_ShadowBasePlugin
> Task :validatePluginWithId_com_github_jengelman_gradle_plugins_shadow_ShadowJavaPlugin
> Task :validatePluginWithId_com_github_johnrengelman_shadow
> Task :validateExternalPlugins

BUILD SUCCESSFUL in 10s
3 actionable tasks: 3 executed

Publishing build scan...
https://gradle.com/s/osdemgsfc37co

</pre>
<h5>Eager task creation check - FAIL</h5>
<a href="https://gradle.com/s/atdiv2rae5kks"  target="_blank">Build scan</a>
<pre>> Task :checkEagerTaskCreation FAILED

FAILURE: Build failed with an exception.

* Where:
Initialization script '/home/runner/work/gradle-plugin-verification/gradle-plugin-verification/build/plugins/validate-plugin-init.gradle' line: 16

* What went wrong:
Execution failed for task ':checkEagerTaskCreation'.
> Tasks are created eagerly by plugin: 
  :knows
  :shadowJar
  :jar


* Try:
Run with --stacktrace option to get the stack trace. Run with --info or --debug option to get more log output. Run with --scan to get full insights.

* Get more help at https://help.gradle.org

BUILD FAILED in 159ms
1 actionable task: 1 executed

Publishing build scan...
https://gradle.com/s/atdiv2rae5kks

</pre>
<h5>Configuration cache - FAIL</h5>
<a href="https://gradle.com/s/nwdqcqym4575g"  target="_blank">Build scan</a>
<pre>Configuration cache is an incubating feature.
Calculating task graph as no configuration cache is available for tasks: clean :shadowJar
> Task :clean
> Task :compileJava
> Task :processResources NO-SOURCE
> Task :classes
> Task :shadowJar

FAILURE: Build failed with an exception.

* What went wrong:
Configuration cache problems found in this build.

5 problems were found storing the configuration cache, 2 of which seem unique.
- Task `:shadowJar` of type `com.github.jengelman.gradle.plugins.shadow.tasks.ShadowJar`: cannot serialize object of type 'org.gradle.api.internal.project.DefaultProject', a subtype of 'org.gradle.api.Project', as these are not supported with the configuration cache.
  See https://docs.gradle.org/7.0.2/userguide/configuration_cache.html#config_cache:requirements:disallowed_types
- Task `:shadowJar` of type `com.github.jengelman.gradle.plugins.shadow.tasks.ShadowJar`: invocation of 'Task.project' at execution time is unsupported.
  See https://docs.gradle.org/7.0.2/userguide/configuration_cache.html#config_cache:requirements:use_project_during_execution

See the complete report at file:///home/runner/work/gradle-plugin-verification/gradle-plugin-verification/build/plugins/primary/com.github.johnrengelman.shadow/build/reports/configuration-cache/4xlohe88j9pyfzhvg6gpzdr5u/configuration-cache-report.html
> Invocation of 'Task.project' by task ':shadowJar' at execution time is unsupported.
> Invocation of 'Task.project' by task ':shadowJar' at execution time is unsupported.

* Try:
Run with --stacktrace option to get the stack trace. Run with --info or --debug option to get more log output. Run with --scan to get full insights.

* Get more help at https://help.gradle.org

BUILD FAILED in 1s
3 actionable tasks: 3 executed

Publishing build scan...
https://gradle.com/s/nwdqcqym4575g

Configuration cache entry discarded with 5 problems.
</pre>
<h3>Gradle Version: 7.0.2</h3>
<h5>Base compatibility - OK</h5>
<a href="https://gradle.com/s/jx4ywsxgtyhhu"  target="_blank">Build scan</a>
<pre>> Task :clean
> Task :compileJava
> Task :processResources NO-SOURCE
> Task :classes
> Task :shadowJar

BUILD SUCCESSFUL in 566ms
3 actionable tasks: 3 executed

Publishing build scan...
https://gradle.com/s/jx4ywsxgtyhhu

</pre>
<h5>Incremental build - OK</h5>
<a href="https://gradle.com/s/lrhcorh6a4xno"  target="_blank">Build scan</a>
<pre>> Task :compileJava UP-TO-DATE
> Task :processResources NO-SOURCE
> Task :classes UP-TO-DATE
> Task :shadowJar UP-TO-DATE

BUILD SUCCESSFUL in 257ms
2 actionable tasks: 2 up-to-date

Publishing build scan...
https://gradle.com/s/lrhcorh6a4xno

</pre>
<h5>Build cache - FAIL</h5>
<a href="https://gradle.com/s/24ngn64nxfmfy"  target="_blank">Build scan</a>
<pre>> Task :clean
> Task :compileJava FROM-CACHE
> Task :processResources NO-SOURCE
> Task :classes UP-TO-DATE
> Task :shadowJar

BUILD SUCCESSFUL in 655ms
3 actionable tasks: 2 executed, 1 from cache

Publishing build scan...
https://gradle.com/s/24ngn64nxfmfy

</pre>
<h5>Build cache relocated - FAIL</h5>
<a href="https://gradle.com/s/mvemmz64lex7a"  target="_blank">Build scan</a>
<pre>> Task :compileJava FROM-CACHE
> Task :processResources NO-SOURCE
> Task :classes UP-TO-DATE
> Task :shadowJar

BUILD SUCCESSFUL in 508ms
2 actionable tasks: 1 executed, 1 from cache

Publishing build scan...
https://gradle.com/s/mvemmz64lex7a

</pre>
<h3>Gradle Version: 6.8.3</h3>
<h5>Base compatibility - OK</h5>
<a href="https://gradle.com/s/2du25lgqcauzw"  target="_blank">Build scan</a>
<pre>> Task :clean
> Task :compileJava
> Task :processResources NO-SOURCE
> Task :classes
> Task :shadowJar

BUILD SUCCESSFUL in 3s
3 actionable tasks: 3 executed

Publishing build scan...
https://gradle.com/s/2du25lgqcauzw

</pre>
<h5>Incremental build - OK</h5>
<a href="https://gradle.com/s/ihm3gw7ovm2ks"  target="_blank">Build scan</a>
<pre>> Task :compileJava UP-TO-DATE
> Task :processResources NO-SOURCE
> Task :classes UP-TO-DATE
> Task :shadowJar UP-TO-DATE

BUILD SUCCESSFUL in 315ms
2 actionable tasks: 2 up-to-date

Publishing build scan...
https://gradle.com/s/ihm3gw7ovm2ks

</pre>
<h5>Build cache - FAIL</h5>
<a href="https://gradle.com/s/57qacwz34vrce"  target="_blank">Build scan</a>
<pre>> Task :clean
> Task :compileJava FROM-CACHE
> Task :processResources NO-SOURCE
> Task :classes UP-TO-DATE
> Task :shadowJar

BUILD SUCCESSFUL in 833ms
3 actionable tasks: 2 executed, 1 from cache

Publishing build scan...
https://gradle.com/s/57qacwz34vrce

</pre>
<h5>Build cache relocated - FAIL</h5>
<a href="https://gradle.com/s/zzeqznq2aymnq"  target="_blank">Build scan</a>
<pre>> Task :compileJava FROM-CACHE
> Task :processResources NO-SOURCE
> Task :classes UP-TO-DATE
> Task :shadowJar

BUILD SUCCESSFUL in 636ms
2 actionable tasks: 1 executed, 1 from cache

Publishing build scan...
https://gradle.com/s/zzeqznq2aymnq

</pre>
<h3>Gradle Version: 5.6.4</h3>
<h5>Base compatibility - OK</h5>
<a href="https://gradle.com/s/3wfbxqj3unf3u"  target="_blank">Build scan</a>
<pre>> Task :clean
> Task :compileJava
> Task :processResources NO-SOURCE
> Task :classes
> Task :shadowJar

BUILD SUCCESSFUL in 8s
3 actionable tasks: 3 executed

Publishing build scan...
https://gradle.com/s/3wfbxqj3unf3u

</pre>
<h5>Incremental build - OK</h5>
<a href="https://gradle.com/s/gcmymju3utr3s"  target="_blank">Build scan</a>
<pre>> Task :compileJava UP-TO-DATE
> Task :processResources NO-SOURCE
> Task :classes UP-TO-DATE
> Task :shadowJar UP-TO-DATE

BUILD SUCCESSFUL in 211ms
2 actionable tasks: 2 up-to-date

Publishing build scan...
https://gradle.com/s/gcmymju3utr3s

</pre>
<h5>Build cache - FAIL</h5>
<a href="https://gradle.com/s/sgojs54w3nxdw"  target="_blank">Build scan</a>
<pre>> Task :clean
> Task :compileJava FROM-CACHE
> Task :processResources NO-SOURCE
> Task :classes UP-TO-DATE
> Task :shadowJar

BUILD SUCCESSFUL in 772ms
3 actionable tasks: 2 executed, 1 from cache

Publishing build scan...
https://gradle.com/s/sgojs54w3nxdw

</pre>
<h5>Build cache relocated - FAIL</h5>
<a href="https://gradle.com/s/kgpbbbdm4dkse"  target="_blank">Build scan</a>
<pre>> Task :compileJava FROM-CACHE
> Task :processResources NO-SOURCE
> Task :classes UP-TO-DATE
> Task :shadowJar

BUILD SUCCESSFUL in 731ms
2 actionable tasks: 1 executed, 1 from cache

Publishing build scan...
https://gradle.com/s/kgpbbbdm4dkse

</pre>
<h2 id='5.2.0'>Version: 5.2.0</h2>
<h5>Validation check - OK</h5>
<a href="https://gradle.com/s/iazjxw33gqcmo"  target="_blank">Build scan</a>
<pre>> Task :validatePluginWithId_com_github_jengelman_gradle_plugins_shadow_ShadowBasePlugin
> Task :validatePluginWithId_com_github_jengelman_gradle_plugins_shadow_ShadowJavaPlugin
> Task :validatePluginWithId_com_github_johnrengelman_shadow
> Task :validateExternalPlugins

BUILD SUCCESSFUL in 6s
3 actionable tasks: 3 executed

Publishing build scan...
https://gradle.com/s/iazjxw33gqcmo

</pre>
<h5>Eager task creation check - FAIL</h5>
<a href="https://gradle.com/s/4ugekoekqnmvi"  target="_blank">Build scan</a>
<pre>> Task :checkEagerTaskCreation FAILED

FAILURE: Build failed with an exception.

* Where:
Initialization script '/home/runner/work/gradle-plugin-verification/gradle-plugin-verification/build/plugins/validate-plugin-init.gradle' line: 16

* What went wrong:
Execution failed for task ':checkEagerTaskCreation'.
> Tasks are created eagerly by plugin: 
  :knows
  :shadowJar
  :jar


* Try:
Run with --stacktrace option to get the stack trace. Run with --info or --debug option to get more log output. Run with --scan to get full insights.

* Get more help at https://help.gradle.org

BUILD FAILED in 150ms
1 actionable task: 1 executed

Publishing build scan...
https://gradle.com/s/4ugekoekqnmvi

</pre>
<h5>Configuration cache - FAIL</h5>
<a href="https://gradle.com/s/mixbrajmqoeiy"  target="_blank">Build scan</a>
<pre>Configuration cache is an incubating feature.
Calculating task graph as no configuration cache is available for tasks: clean :shadowJar
> Task :clean
> Task :compileJava
> Task :processResources NO-SOURCE
> Task :classes
> Task :shadowJar FAILED

FAILURE: Build completed with 2 failures.

1: Task failed with an exception.
-----------
* What went wrong:
A problem was found with the configuration of task ':shadowJar' (type 'ShadowJar').
  - Type 'com.github.jengelman.gradle.plugins.shadow.tasks.ShadowJar' property 'transformers.$0.serviceEntries' is missing an input or output annotation.
    
    Reason: A property without annotation isn't considered during up-to-date checking.
    
    Possible solutions:
      1. Add an input or output annotation.
      2. Mark it as @Internal.
    
    Please refer to https://docs.gradle.org/7.0.2/userguide/validation_problems.html#missing_annotation for more details about this problem.

* Try:
Run with --stacktrace option to get the stack trace. Run with --info or --debug option to get more log output. Run with --scan to get full insights.
==============================================================================

2: Task failed with an exception.
-----------
* What went wrong:
Configuration cache problems found in this build.

3 problems were found storing the configuration cache, 1 of which seems unique.
- Task `:shadowJar` of type `com.github.jengelman.gradle.plugins.shadow.tasks.ShadowJar`: cannot serialize object of type 'org.gradle.api.internal.project.DefaultProject', a subtype of 'org.gradle.api.Project', as these are not supported with the configuration cache.
  See https://docs.gradle.org/7.0.2/userguide/configuration_cache.html#config_cache:requirements:disallowed_types

See the complete report at file:///home/runner/work/gradle-plugin-verification/gradle-plugin-verification/build/plugins/primary/com.github.johnrengelman.shadow/build/reports/configuration-cache/4xlohe88j9pyfzhvg6gpzdr5u/configuration-cache-report.html

* Try:
Run with --stacktrace option to get the stack trace. Run with --info or --debug option to get more log output. Run with --scan to get full insights.
==============================================================================

* Get more help at https://help.gradle.org

BUILD FAILED in 565ms
3 actionable tasks: 3 executed

Publishing build scan...
https://gradle.com/s/mixbrajmqoeiy

Configuration cache entry discarded with 3 problems.
</pre>
<h3>Gradle Version: 7.0.2</h3>
<h5>Base compatibility - FAIL</h5>
<a href="https://gradle.com/s/yrpfo72yjbexi"  target="_blank">Build scan</a>
<pre>> Task :clean
> Task :compileJava FROM-CACHE
> Task :processResources NO-SOURCE
> Task :classes UP-TO-DATE
> Task :shadowJar FAILED

FAILURE: Build failed with an exception.

* What went wrong:
A problem was found with the configuration of task ':shadowJar' (type 'ShadowJar').
  - Type 'com.github.jengelman.gradle.plugins.shadow.tasks.ShadowJar' property 'transformers.$0.serviceEntries' is missing an input or output annotation.
    
    Reason: A property without annotation isn't considered during up-to-date checking.
    
    Possible solutions:
      1. Add an input or output annotation.
      2. Mark it as @Internal.
    
    Please refer to https://docs.gradle.org/7.0.2/userguide/validation_problems.html#missing_annotation for more details about this problem.

* Try:
Run with --stacktrace option to get the stack trace. Run with --info or --debug option to get more log output. Run with --scan to get full insights.

* Get more help at https://help.gradle.org

BUILD FAILED in 227ms
3 actionable tasks: 2 executed, 1 from cache

Publishing build scan...
https://gradle.com/s/yrpfo72yjbexi

</pre>
<h5>Incremental build - N/A</h5>
<h5>Build cache - N/A</h5>
<h5>Build cache relocated - N/A</h5>
<h3>Gradle Version: 6.8.3</h3>
<h5>Base compatibility - OK</h5>
<a href="https://gradle.com/s/pr3ccx3vl2pto"  target="_blank">Build scan</a>
<pre>> Task :clean
> Task :compileJava FROM-CACHE
> Task :processResources NO-SOURCE
> Task :classes UP-TO-DATE
> Task :shadowJar

Deprecated Gradle features were used in this build, making it incompatible with Gradle 7.0.
Use '--warning-mode all' to show the individual deprecation warnings.
See https://docs.gradle.org/6.8.3/userguide/command_line_interface.html#sec:command_line_warnings

BUILD SUCCESSFUL in 1s
3 actionable tasks: 2 executed, 1 from cache

Publishing build scan...
https://gradle.com/s/pr3ccx3vl2pto

</pre>
<h5>Incremental build - OK</h5>
<a href="https://gradle.com/s/7ssfurn7bai5c"  target="_blank">Build scan</a>
<pre>> Task :compileJava UP-TO-DATE
> Task :processResources NO-SOURCE
> Task :classes UP-TO-DATE
> Task :shadowJar UP-TO-DATE

Deprecated Gradle features were used in this build, making it incompatible with Gradle 7.0.
Use '--warning-mode all' to show the individual deprecation warnings.
See https://docs.gradle.org/6.8.3/userguide/command_line_interface.html#sec:command_line_warnings

BUILD SUCCESSFUL in 220ms
2 actionable tasks: 2 up-to-date

Publishing build scan...
https://gradle.com/s/7ssfurn7bai5c

</pre>
<h5>Build cache - OK</h5>
<a href="https://gradle.com/s/hzauiif4ezyos"  target="_blank">Build scan</a>
<pre>> Task :clean
> Task :compileJava FROM-CACHE
> Task :processResources NO-SOURCE
> Task :classes UP-TO-DATE
> Task :shadowJar FROM-CACHE

Deprecated Gradle features were used in this build, making it incompatible with Gradle 7.0.
Use '--warning-mode all' to show the individual deprecation warnings.
See https://docs.gradle.org/6.8.3/userguide/command_line_interface.html#sec:command_line_warnings

BUILD SUCCESSFUL in 329ms
3 actionable tasks: 1 executed, 2 from cache

Publishing build scan...
https://gradle.com/s/hzauiif4ezyos

</pre>
<h5>Build cache relocated - OK</h5>
<a href="https://gradle.com/s/gm63rq6df3so4"  target="_blank">Build scan</a>
<pre>> Task :compileJava FROM-CACHE
> Task :processResources NO-SOURCE
> Task :classes UP-TO-DATE
> Task :shadowJar FROM-CACHE

Deprecated Gradle features were used in this build, making it incompatible with Gradle 7.0.
Use '--warning-mode all' to show the individual deprecation warnings.
See https://docs.gradle.org/6.8.3/userguide/command_line_interface.html#sec:command_line_warnings

BUILD SUCCESSFUL in 278ms
2 actionable tasks: 2 from cache

Publishing build scan...
https://gradle.com/s/gm63rq6df3so4

</pre>
<h3>Gradle Version: 5.6.4</h3>
<h5>Base compatibility - OK</h5>
<a href="https://gradle.com/s/tzbkgzdqpcg6e"  target="_blank">Build scan</a>
<pre>> Task :clean
> Task :compileJava FROM-CACHE
> Task :processResources NO-SOURCE
> Task :classes UP-TO-DATE
> Task :shadowJar

BUILD SUCCESSFUL in 3s
3 actionable tasks: 2 executed, 1 from cache

Publishing build scan...
https://gradle.com/s/tzbkgzdqpcg6e

</pre>
<h5>Incremental build - OK</h5>
<a href="https://gradle.com/s/d7pxhkwdu74h4"  target="_blank">Build scan</a>
<pre>> Task :compileJava UP-TO-DATE
> Task :processResources NO-SOURCE
> Task :classes UP-TO-DATE
> Task :shadowJar UP-TO-DATE

BUILD SUCCESSFUL in 210ms
2 actionable tasks: 2 up-to-date

Publishing build scan...
Publishing build scan failed due to network error 'java.net.SocketTimeoutException: Read timed out' (2 retries remaining)...
https://gradle.com/s/d7pxhkwdu74h4

</pre>
<h5>Build cache - OK</h5>
<a href="https://gradle.com/s/uoq2j7xq64ias"  target="_blank">Build scan</a>
<pre>> Task :clean
> Task :compileJava FROM-CACHE
> Task :processResources NO-SOURCE
> Task :classes UP-TO-DATE
> Task :shadowJar FROM-CACHE

BUILD SUCCESSFUL in 240ms
3 actionable tasks: 1 executed, 2 from cache

Publishing build scan...
https://gradle.com/s/uoq2j7xq64ias

</pre>
<h5>Build cache relocated - OK</h5>
<a href="https://gradle.com/s/fejkun4yqef3i"  target="_blank">Build scan</a>
<pre>> Task :compileJava FROM-CACHE
> Task :processResources NO-SOURCE
> Task :classes UP-TO-DATE
> Task :shadowJar FROM-CACHE

BUILD SUCCESSFUL in 302ms
2 actionable tasks: 2 from cache

Publishing build scan...
https://gradle.com/s/fejkun4yqef3i

</pre>
<h2 id='6.1.0'>Version: 6.1.0</h2>
<h5>Validation check - OK</h5>
<a href="https://gradle.com/s/ckoffv5vebpgw"  target="_blank">Build scan</a>
<pre>> Task :validatePluginWithId_com_github_jengelman_gradle_plugins_shadow_ShadowBasePlugin
> Task :validatePluginWithId_com_github_jengelman_gradle_plugins_shadow_ShadowJavaPlugin
> Task :validatePluginWithId_com_github_johnrengelman_shadow
> Task :validateExternalPlugins

BUILD SUCCESSFUL in 7s
3 actionable tasks: 3 executed

Publishing build scan...
https://gradle.com/s/ckoffv5vebpgw

</pre>
<h5>Eager task creation check - FAIL</h5>
<a href="https://gradle.com/s/dsyxowehs3ty2"  target="_blank">Build scan</a>
<pre>> Task :checkEagerTaskCreation FAILED

FAILURE: Build failed with an exception.

* Where:
Initialization script '/home/runner/work/gradle-plugin-verification/gradle-plugin-verification/build/plugins/validate-plugin-init.gradle' line: 16

* What went wrong:
Execution failed for task ':checkEagerTaskCreation'.
> Tasks are created eagerly by plugin: 
  :shadowJar
  :jar


* Try:
Run with --stacktrace option to get the stack trace. Run with --info or --debug option to get more log output. Run with --scan to get full insights.

* Get more help at https://help.gradle.org

BUILD FAILED in 256ms
1 actionable task: 1 executed

Publishing build scan...
https://gradle.com/s/dsyxowehs3ty2

</pre>
<h5>Configuration cache - OK</h5>
<a href="https://gradle.com/s/77lq4s6vhbnwk"  target="_blank">Build scan</a>
<pre>Configuration cache is an incubating feature.
Calculating task graph as no configuration cache is available for tasks: clean :shadowJar
> Task :clean
> Task :compileJava
> Task :processResources NO-SOURCE
> Task :classes
> Task :shadowJar

BUILD SUCCESSFUL in 1s
3 actionable tasks: 3 executed

Publishing build scan...
https://gradle.com/s/77lq4s6vhbnwk

Configuration cache entry stored.
</pre>
<h3>Gradle Version: 7.0.2</h3>
<h5>Base compatibility - OK</h5>
<a href="https://gradle.com/s/5izhje2e7le2c"  target="_blank">Build scan</a>
<pre>> Task :clean
> Task :compileJava FROM-CACHE
> Task :processResources NO-SOURCE
> Task :classes UP-TO-DATE
> Task :shadowJar

BUILD SUCCESSFUL in 499ms
3 actionable tasks: 2 executed, 1 from cache

Publishing build scan...
https://gradle.com/s/5izhje2e7le2c

</pre>
<h5>Incremental build - OK</h5>
<a href="https://gradle.com/s/qxxv3bhm3m2nq"  target="_blank">Build scan</a>
<pre>> Task :compileJava UP-TO-DATE
> Task :processResources NO-SOURCE
> Task :classes UP-TO-DATE
> Task :shadowJar UP-TO-DATE

BUILD SUCCESSFUL in 154ms
2 actionable tasks: 2 up-to-date

Publishing build scan...
https://gradle.com/s/qxxv3bhm3m2nq

</pre>
<h5>Build cache - OK</h5>
<a href="https://gradle.com/s/75yn3bdccv5ou"  target="_blank">Build scan</a>
<pre>> Task :clean
> Task :compileJava FROM-CACHE
> Task :processResources NO-SOURCE
> Task :classes UP-TO-DATE
> Task :shadowJar FROM-CACHE

BUILD SUCCESSFUL in 292ms
3 actionable tasks: 1 executed, 2 from cache

Publishing build scan...
https://gradle.com/s/75yn3bdccv5ou

Daemon will be stopped at the end of the build after running out of JVM memory
</pre>
<h5>Build cache relocated - OK</h5>
<a href="https://gradle.com/s/zcr3cjfbxeq4q"  target="_blank">Build scan</a>
<pre>> Task :compileJava FROM-CACHE
> Task :processResources NO-SOURCE
> Task :classes UP-TO-DATE
> Task :shadowJar FROM-CACHE

BUILD SUCCESSFUL in 7s
2 actionable tasks: 2 from cache

Publishing build scan...
https://gradle.com/s/zcr3cjfbxeq4q

</pre>
<h3>Gradle Version: 6.8.3</h3>
<h5>Base compatibility - OK</h5>
<a href="https://gradle.com/s/kxtybwy7d4sma"  target="_blank">Build scan</a>
<pre>> Task :clean
> Task :compileJava FROM-CACHE
> Task :processResources NO-SOURCE
> Task :classes UP-TO-DATE
> Task :shadowJar

BUILD SUCCESSFUL in 2s
3 actionable tasks: 2 executed, 1 from cache

Publishing build scan...
https://gradle.com/s/kxtybwy7d4sma

</pre>
<h5>Incremental build - OK</h5>
<a href="https://gradle.com/s/vs4lpm7qwabge"  target="_blank">Build scan</a>
<pre>> Task :compileJava UP-TO-DATE
> Task :processResources NO-SOURCE
> Task :classes UP-TO-DATE
> Task :shadowJar UP-TO-DATE

BUILD SUCCESSFUL in 258ms
2 actionable tasks: 2 up-to-date

Publishing build scan...
https://gradle.com/s/vs4lpm7qwabge

</pre>
<h5>Build cache - OK</h5>
<a href="https://gradle.com/s/enixcdqmpocfs"  target="_blank">Build scan</a>
<pre>> Task :clean
> Task :compileJava FROM-CACHE
> Task :processResources NO-SOURCE
> Task :classes UP-TO-DATE
> Task :shadowJar FROM-CACHE

BUILD SUCCESSFUL in 252ms
3 actionable tasks: 1 executed, 2 from cache

Publishing build scan...
https://gradle.com/s/enixcdqmpocfs

</pre>
<h5>Build cache relocated - OK</h5>
<a href="https://gradle.com/s/qcn7kqykgvqpy"  target="_blank">Build scan</a>
<pre>> Task :compileJava FROM-CACHE
> Task :processResources NO-SOURCE
> Task :classes UP-TO-DATE
> Task :shadowJar FROM-CACHE

BUILD SUCCESSFUL in 263ms
2 actionable tasks: 2 from cache

Publishing build scan...
https://gradle.com/s/qcn7kqykgvqpy

</pre>
<h3>Gradle Version: 5.6.4</h3>
<h5>Base compatibility - FAIL</h5>
<a href="https://gradle.com/s/q3arflnj7f3pe"  target="_blank">Build scan</a>
<pre>
FAILURE: Build failed with an exception.

* Where:
Build file '/home/runner/work/gradle-plugin-verification/gradle-plugin-verification/build/plugins/primary/com.github.johnrengelman.shadow/build.gradle' line: 4

* What went wrong:
An exception occurred applying plugin request [id: 'com.github.johnrengelman.shadow', version: '6.1.0']
> Failed to apply plugin [class 'com.github.jengelman.gradle.plugins.shadow.ShadowBasePlugin']
   > This version of Shadow supports Gradle 6.0+ only. Please upgrade.

* Try:
Run with --stacktrace option to get the stack trace. Run with --info or --debug option to get more log output. Run with --scan to get full insights.

* Get more help at https://help.gradle.org

BUILD FAILED in 3s

Publishing build scan...
https://gradle.com/s/q3arflnj7f3pe

</pre>
<h5>Incremental build - N/A</h5>
<h5>Build cache - N/A</h5>
<h5>Build cache relocated - N/A</h5>
<h2 id='7.0.0'>Version: 7.0.0</h2>
<h5>Validation check - OK</h5>
<a href="https://gradle.com/s/2wd2ok7sj5ocq"  target="_blank">Build scan</a>
<pre>> Task :validatePluginWithId_com_github_jengelman_gradle_plugins_shadow_ShadowBasePlugin
> Task :validatePluginWithId_com_github_jengelman_gradle_plugins_shadow_ShadowJavaPlugin
> Task :validatePluginWithId_com_github_johnrengelman_shadow
> Task :validateExternalPlugins

BUILD SUCCESSFUL in 15s
3 actionable tasks: 3 executed

Publishing build scan...
Publishing build scan failed due to network error 'java.net.SocketTimeoutException: Read timed out' (2 retries remaining)...
Publishing build scan failed due to network error 'java.net.SocketTimeoutException: Read timed out' (1 retry remaining)...
https://gradle.com/s/2wd2ok7sj5ocq

</pre>
<h5>Eager task creation check - FAIL</h5>
<a href="https://gradle.com/s/vskykbrmmskxw"  target="_blank">Build scan</a>
<pre>> Task :checkEagerTaskCreation FAILED

FAILURE: Build failed with an exception.

* Where:
Initialization script '/home/runner/work/gradle-plugin-verification/gradle-plugin-verification/build/plugins/validate-plugin-init.gradle' line: 16

* What went wrong:
Execution failed for task ':checkEagerTaskCreation'.
> Tasks are created eagerly by plugin: 
  :shadowJar
  :jar


* Try:
Run with --stacktrace option to get the stack trace. Run with --info or --debug option to get more log output. Run with --scan to get full insights.

* Get more help at https://help.gradle.org

BUILD FAILED in 353ms
1 actionable task: 1 executed

Publishing build scan...
https://gradle.com/s/vskykbrmmskxw

</pre>
<h5>Configuration cache - OK</h5>
<a href="https://gradle.com/s/rlklztkcx7mo6"  target="_blank">Build scan</a>
<pre>Configuration cache is an incubating feature.
Calculating task graph as no configuration cache is available for tasks: clean :shadowJar
> Task :clean
> Task :compileJava
> Task :processResources NO-SOURCE
> Task :classes
> Task :shadowJar

BUILD SUCCESSFUL in 2s
3 actionable tasks: 3 executed

Publishing build scan...
https://gradle.com/s/rlklztkcx7mo6

Configuration cache entry stored.
</pre>
<h3>Gradle Version: 7.0.2</h3>
<h5>Base compatibility - OK</h5>
<a href="https://gradle.com/s/ipd6pqxkiyzoc"  target="_blank">Build scan</a>
<pre>> Task :clean
> Task :compileJava FROM-CACHE
> Task :processResources NO-SOURCE
> Task :classes UP-TO-DATE
> Task :shadowJar

BUILD SUCCESSFUL in 999ms
3 actionable tasks: 2 executed, 1 from cache

Publishing build scan...
https://gradle.com/s/ipd6pqxkiyzoc

</pre>
<h5>Incremental build - OK</h5>
<a href="https://gradle.com/s/x7wxhiuhbxuaw"  target="_blank">Build scan</a>
<pre>> Task :compileJava UP-TO-DATE
> Task :processResources NO-SOURCE
> Task :classes UP-TO-DATE
> Task :shadowJar UP-TO-DATE

BUILD SUCCESSFUL in 300ms
2 actionable tasks: 2 up-to-date

Publishing build scan...
https://gradle.com/s/x7wxhiuhbxuaw

</pre>
<h5>Build cache - OK</h5>
<a href="https://gradle.com/s/2ygqw4u3srsxg"  target="_blank">Build scan</a>
<pre>> Task :clean
> Task :compileJava FROM-CACHE
> Task :processResources NO-SOURCE
> Task :classes UP-TO-DATE
> Task :shadowJar FROM-CACHE

BUILD SUCCESSFUL in 362ms
3 actionable tasks: 1 executed, 2 from cache

Publishing build scan...
https://gradle.com/s/2ygqw4u3srsxg

</pre>
<h5>Build cache relocated - OK</h5>
<a href="https://gradle.com/s/v3vk2mngntb7k"  target="_blank">Build scan</a>
<pre>> Task :compileJava FROM-CACHE
> Task :processResources NO-SOURCE
> Task :classes UP-TO-DATE
> Task :shadowJar FROM-CACHE

BUILD SUCCESSFUL in 432ms
2 actionable tasks: 2 from cache

Publishing build scan...
https://gradle.com/s/v3vk2mngntb7k

</pre>
<h3>Gradle Version: 6.8.3</h3>
<h5>Base compatibility - FAIL</h5>
<a href="https://gradle.com/s/jwz6djizuqivm"  target="_blank">Build scan</a>
<pre>
FAILURE: Build failed with an exception.

* Where:
Build file '/home/runner/work/gradle-plugin-verification/gradle-plugin-verification/build/plugins/primary/com.github.johnrengelman.shadow/build.gradle' line: 4

* What went wrong:
An exception occurred applying plugin request [id: 'com.github.johnrengelman.shadow', version: '7.0.0']
> Failed to apply plugin class 'com.github.jengelman.gradle.plugins.shadow.ShadowBasePlugin'.
   > This version of Shadow supports Gradle 7.0+ only. Please upgrade.

* Try:
Run with --stacktrace option to get the stack trace. Run with --info or --debug option to get more log output. Run with --scan to get full insights.

* Get more help at https://help.gradle.org

BUILD FAILED in 1s

Publishing build scan...
https://gradle.com/s/jwz6djizuqivm

</pre>
<h5>Incremental build - N/A</h5>
<h5>Build cache - N/A</h5>
<h5>Build cache relocated - N/A</h5>
<h3>Gradle Version: 5.6.4</h3>
<h5>Base compatibility - FAIL</h5>
<a href="https://gradle.com/s/v2yi3tllwmq2s"  target="_blank">Build scan</a>
<pre>
FAILURE: Build failed with an exception.

* Where:
Build file '/home/runner/work/gradle-plugin-verification/gradle-plugin-verification/build/plugins/primary/com.github.johnrengelman.shadow/build.gradle' line: 4

* What went wrong:
An exception occurred applying plugin request [id: 'com.github.johnrengelman.shadow', version: '7.0.0']
> Failed to apply plugin [class 'com.github.jengelman.gradle.plugins.shadow.ShadowBasePlugin']
   > This version of Shadow supports Gradle 7.0+ only. Please upgrade.

* Try:
Run with --stacktrace option to get the stack trace. Run with --info or --debug option to get more log output. Run with --scan to get full insights.

* Get more help at https://help.gradle.org

BUILD FAILED in 9s

Publishing build scan...
https://gradle.com/s/v2yi3tllwmq2s

</pre>
<h5>Incremental build - N/A</h5>
<h5>Build cache - N/A</h5>
<h5>Build cache relocated - N/A</h5>
</body></html>
