<html><body>
<h1>Plugin: com.github.ben-manes.versions</h1>
<h2>Version: 0.36.0</h2>
<h5>Validation check - OK</h5>
<pre>> Task :validatePluginWithId_com_github_ben-manes_versions
> Task :validateExternalPlugins
> Task :sub1:validateExternalPlugins UP-TO-DATE
> Task :sub2:validateExternalPlugins UP-TO-DATE

BUILD SUCCESSFUL in 11s
1 actionable task: 1 executed
</pre>
<h5>Configuration cache - FAIL</h5>
<pre>Configuration cache is an incubating feature.
Calculating task graph as no configuration cache is available for tasks: clean :dependencyUpdates
> Task :sub1:clean UP-TO-DATE
> Task :sub2:clean UP-TO-DATE

> Task :dependencyUpdates

------------------------------------------------------------
: Project Dependency Updates (report to plain text file)
------------------------------------------------------------

The following dependencies have later milestone versions:
 - com.github.ben-manes.versions:com.github.ben-manes.versions.gradle.plugin [0.36.0 -> 0.38.0]
 - junit:junit [4.10 -> 4.13.2]
     http://junit.org
 - log4j:log4j [1.2.14 -> 1.2.17]
     http://logging.apache.org/log4j/1.2/

Gradle release-candidate updates:
 - Gradle: [7.0.2: UP-TO-DATE]

Generated report file build/dependencyUpdates/report.txt

FAILURE: Build failed with an exception.

* What went wrong:
Configuration cache problems found in this build.

2 problems were found storing the configuration cache, 1 of which seems unique.
- Task `:dependencyUpdates` of type `com.github.benmanes.gradle.versions.updates.DependencyUpdatesTask`: invocation of 'Task.project' at execution time is unsupported.
  See https://docs.gradle.org/7.0.2/userguide/configuration_cache.html#config_cache:requirements:use_project_during_execution

See the complete report at file:///home/runner/work/gradle-plugin-verification/gradle-plugin-verification/build/verified-plugins/com.github.ben-manes.versions/build/reports/configuration-cache/bl5tkrvl5rezeqwbtkepxlo6/configuration-cache-report.html
> Invocation of 'Task.project' by task ':dependencyUpdates' at execution time is unsupported.
> Invocation of 'Task.project' by task ':dependencyUpdates' at execution time is unsupported.

* Try:
Run with --stacktrace option to get the stack trace. Run with --info or --debug option to get more log output. Run with --scan to get full insights.

* Get more help at https://help.gradle.org

BUILD FAILED in 2s
3 actionable tasks: 1 executed, 2 up-to-date
Configuration cache entry discarded with 2 problems.
</pre>
<h3>Gradle Version: 7.0.2</h3>
<h5>Base compatibility - OK</h5>
<pre>> Task :sub1:clean UP-TO-DATE
> Task :sub2:clean UP-TO-DATE

> Task :dependencyUpdates

------------------------------------------------------------
: Project Dependency Updates (report to plain text file)
------------------------------------------------------------

The following dependencies have later milestone versions:
 - com.github.ben-manes.versions:com.github.ben-manes.versions.gradle.plugin [0.36.0 -> 0.38.0]
 - junit:junit [4.10 -> 4.13.2]
     http://junit.org
 - log4j:log4j [1.2.14 -> 1.2.17]
     http://logging.apache.org/log4j/1.2/

Gradle release-candidate updates:
 - Gradle: [7.0.2: UP-TO-DATE]

Generated report file build/dependencyUpdates/report.txt

BUILD SUCCESSFUL in 340ms
3 actionable tasks: 1 executed, 2 up-to-date
</pre>
<h5>Incremental build - N/A</h5>
<h5>Build cache - N/A</h5>
<h3>Gradle Version: 6.8.3</h3>
<h5>Base compatibility - OK</h5>
<pre>> Task :sub1:clean UP-TO-DATE
> Task :sub2:clean UP-TO-DATE

> Task :dependencyUpdates

------------------------------------------------------------
: Project Dependency Updates (report to plain text file)
------------------------------------------------------------

The following dependencies have later milestone versions:
 - com.github.ben-manes.versions:com.github.ben-manes.versions.gradle.plugin [0.36.0 -> 0.38.0]
 - junit:junit [4.10 -> 4.13.2]
     http://junit.org
 - log4j:log4j [1.2.14 -> 1.2.17]
     http://logging.apache.org/log4j/1.2/

Gradle release-candidate updates:
 - Gradle: [6.8.3 -> 7.0.2]

Generated report file build/dependencyUpdates/report.txt

BUILD SUCCESSFUL in 6s
3 actionable tasks: 1 executed, 2 up-to-date
</pre>
<h5>Incremental build - N/A</h5>
<h5>Build cache - N/A</h5>
<h3>Gradle Version: 5.6.4</h3>
<h5>Base compatibility - OK</h5>
<pre>> Task :sub1:clean UP-TO-DATE
> Task :sub2:clean UP-TO-DATE

> Task :dependencyUpdates

------------------------------------------------------------
: Project Dependency Updates (report to plain text file)
------------------------------------------------------------

The following dependencies have later milestone versions:
 - com.github.ben-manes.versions:com.github.ben-manes.versions.gradle.plugin [0.36.0 -> 0.38.0]
 - junit:junit [4.10 -> 4.13.2]
     http://junit.org
 - log4j:log4j [1.2.14 -> 1.2.17]
     http://logging.apache.org/log4j/1.2/

Gradle release-candidate updates:
 - Gradle: [5.6.4 -> 7.0.2]

Generated report file build/dependencyUpdates/report.txt

BUILD SUCCESSFUL in 7s
3 actionable tasks: 1 executed, 2 up-to-date
</pre>
<h5>Incremental build - N/A</h5>
<h5>Build cache - N/A</h5>
<h1>Plugin: org.asciidoctor.jvm.convert</h1>
<h2>Version: 3.3.1</h2>
<h5>Validation check - OK</h5>
<pre>> Task :validatePluginWithId_org_asciidoctor_gradle_base_AsciidoctorBasePlugin
> Task :validatePluginWithId_org_asciidoctor_gradle_jvm_AsciidoctorJBasePlugin
> Task :validatePluginWithId_org_asciidoctor_jvm_convert
> Task :validateExternalPlugins

BUILD SUCCESSFUL in 12s
3 actionable tasks: 3 executed
</pre>
<h5>Configuration cache - FAIL</h5>
<pre>Configuration cache is an incubating feature.
Calculating task graph as no configuration cache is available for tasks: clean :asciidoctor
> Task :clean
> Task :asciidoctor

FAILURE: Build failed with an exception.

* What went wrong:
Configuration cache problems found in this build.

43 problems were found storing the configuration cache, 1 of which seems unique.
- Task `:asciidoctor` of type `org.asciidoctor.gradle.jvm.AsciidoctorTask`: invocation of 'Task.project' at execution time is unsupported.
  See https://docs.gradle.org/7.0.2/userguide/configuration_cache.html#config_cache:requirements:use_project_during_execution

See the complete report at file:///home/runner/work/gradle-plugin-verification/gradle-plugin-verification/build/verified-plugins/org.asciidoctor.jvm.convert/build/reports/configuration-cache/dcl02z9qg3a0sa8rsdwr7qpep/configuration-cache-report.html
> Invocation of 'Task.project' by task ':asciidoctor' at execution time is unsupported.
> Invocation of 'Task.project' by task ':asciidoctor' at execution time is unsupported.
> Invocation of 'Task.project' by task ':asciidoctor' at execution time is unsupported.
> Invocation of 'Task.project' by task ':asciidoctor' at execution time is unsupported.
> Invocation of 'Task.project' by task ':asciidoctor' at execution time is unsupported.

* Try:
Run with --stacktrace option to get the stack trace. Run with --info or --debug option to get more log output. Run with --scan to get full insights.

* Get more help at https://help.gradle.org

BUILD FAILED in 7s
2 actionable tasks: 2 executed
Configuration cache entry discarded with 43 problems.
</pre>
<h3>Gradle Version: 7.0.2</h3>
<h5>Base compatibility - OK</h5>
<pre>> Task :clean
> Task :asciidoctor

BUILD SUCCESSFUL in 4s
2 actionable tasks: 2 executed
</pre>
<h5>Incremental build - OK</h5>
<pre>> Task :asciidoctor UP-TO-DATE

BUILD SUCCESSFUL in 167ms
1 actionable task: 1 up-to-date
</pre>
<h5>Build cache - FAIL</h5>
<pre>> Task :clean
> Task :asciidoctor

BUILD SUCCESSFUL in 4s
2 actionable tasks: 2 executed
</pre>
<h3>Gradle Version: 6.8.3</h3>
<h5>Base compatibility - OK</h5>
<pre>> Task :clean

> Task :asciidoctor
WARNING: An illegal reflective access operation has occurred
WARNING: Illegal reflective access by org.codehaus.groovy.reflection.CachedClass (file:/home/runner/.gradle/wrapper/dists/gradle-6.8.3-bin/7ykxq50lst7lb7wx1nijpicxn/gradle-6.8.3/lib/groovy-all-1.3-2.5.12.jar) to method java.lang.Object.finalize()
WARNING: Please consider reporting this to the maintainers of org.codehaus.groovy.reflection.CachedClass
WARNING: Use --illegal-access=warn to enable warnings of further illegal reflective access operations
WARNING: All illegal access operations will be denied in a future release

BUILD SUCCESSFUL in 11s
2 actionable tasks: 2 executed
</pre>
<h5>Incremental build - OK</h5>
<pre>> Task :asciidoctor UP-TO-DATE

BUILD SUCCESSFUL in 157ms
1 actionable task: 1 up-to-date
</pre>
<h5>Build cache - FAIL</h5>
<pre>> Task :clean

> Task :asciidoctor
WARNING: An illegal reflective access operation has occurred
WARNING: Illegal reflective access by org.codehaus.groovy.reflection.CachedClass (file:/home/runner/.gradle/wrapper/dists/gradle-6.8.3-bin/7ykxq50lst7lb7wx1nijpicxn/gradle-6.8.3/lib/groovy-all-1.3-2.5.12.jar) to method java.lang.Object.finalize()
WARNING: Please consider reporting this to the maintainers of org.codehaus.groovy.reflection.CachedClass
WARNING: Use --illegal-access=warn to enable warnings of further illegal reflective access operations
WARNING: All illegal access operations will be denied in a future release

BUILD SUCCESSFUL in 4s
2 actionable tasks: 2 executed
</pre>
<h3>Gradle Version: 5.6.4</h3>
<h5>Base compatibility - OK</h5>
<pre>> Task :clean

> Task :asciidoctor
WARNING: An illegal reflective access operation has occurred
WARNING: Illegal reflective access by org.codehaus.groovy.vmplugin.v7.Java7$1 (file:/home/runner/.gradle/wrapper/dists/gradle-5.6.4-bin/bxirm19lnfz6nurbatndyydux/gradle-5.6.4/lib/groovy-all-1.3-2.5.4.jar) to constructor java.lang.invoke.MethodHandles$Lookup(java.lang.Class,int)
WARNING: Please consider reporting this to the maintainers of org.codehaus.groovy.vmplugin.v7.Java7$1
WARNING: Use --illegal-access=warn to enable warnings of further illegal reflective access operations
WARNING: All illegal access operations will be denied in a future release

BUILD SUCCESSFUL in 12s
2 actionable tasks: 2 executed
</pre>
<h5>Incremental build - OK</h5>
<pre>> Task :asciidoctor UP-TO-DATE

BUILD SUCCESSFUL in 149ms
1 actionable task: 1 up-to-date
</pre>
<h5>Build cache - FAIL</h5>
<pre>> Task :clean

> Task :asciidoctor
WARNING: An illegal reflective access operation has occurred
WARNING: Illegal reflective access by org.codehaus.groovy.vmplugin.v7.Java7$1 (file:/home/runner/.gradle/wrapper/dists/gradle-5.6.4-bin/bxirm19lnfz6nurbatndyydux/gradle-5.6.4/lib/groovy-all-1.3-2.5.4.jar) to constructor java.lang.invoke.MethodHandles$Lookup(java.lang.Class,int)
WARNING: Please consider reporting this to the maintainers of org.codehaus.groovy.vmplugin.v7.Java7$1
WARNING: Use --illegal-access=warn to enable warnings of further illegal reflective access operations
WARNING: All illegal access operations will be denied in a future release

BUILD SUCCESSFUL in 4s
2 actionable tasks: 2 executed
</pre>
<h1>Plugin: com.github.johnrengelman.shadow</h1>
<h2>Version: 5.2.0</h2>
<h5>Validation check - OK</h5>
<pre>> Task :validatePluginWithId_com_github_jengelman_gradle_plugins_shadow_ShadowBasePlugin
> Task :validatePluginWithId_com_github_jengelman_gradle_plugins_shadow_ShadowJavaPlugin
> Task :validatePluginWithId_com_github_johnrengelman_shadow
> Task :validateExternalPlugins

BUILD SUCCESSFUL in 7s
3 actionable tasks: 3 executed
</pre>
<h5>Configuration cache - FAIL</h5>
<pre>Configuration cache is an incubating feature.
Calculating task graph as no configuration cache is available for tasks: clean :shadowJar
> Task :clean
> Task :compileJava NO-SOURCE
> Task :processResources NO-SOURCE
> Task :classes UP-TO-DATE
> Task :shadowJar FAILED

FAILURE: Build completed with 2 failures.

1: Task failed with an exception.
-----------
* What went wrong:
A problem was found with the configuration of task ':shadowJar' (type 'ShadowJar').
  - Type 'com.github.jengelman.gradle.plugins.shadow.tasks.ShadowJar' property 'transformers.$0.serviceEntries' is missing an input or output annotation.
    
    Reason: A property without annotation isn't considered during up-to-date checking.
    
    Possible solutions:
      1. Add an input or output annotation.
      2. Mark it as @Internal.
    
    Please refer to https://docs.gradle.org/7.0.2/userguide/validation_problems.html#missing_annotation for more details about this problem.

* Try:
Run with --stacktrace option to get the stack trace. Run with --info or --debug option to get more log output. Run with --scan to get full insights.
==============================================================================

2: Task failed with an exception.
-----------
* What went wrong:
Configuration cache problems found in this build.

3 problems were found storing the configuration cache, 1 of which seems unique.
- Task `:shadowJar` of type `com.github.jengelman.gradle.plugins.shadow.tasks.ShadowJar`: cannot serialize object of type 'org.gradle.api.internal.project.DefaultProject', a subtype of 'org.gradle.api.Project', as these are not supported with the configuration cache.
  See https://docs.gradle.org/7.0.2/userguide/configuration_cache.html#config_cache:requirements:disallowed_types

See the complete report at file:///home/runner/work/gradle-plugin-verification/gradle-plugin-verification/build/verified-plugins/com.github.johnrengelman.shadow/build/reports/configuration-cache/4xlohe88j9pyfzhvg6gpzdr5u/configuration-cache-report.html

* Try:
Run with --stacktrace option to get the stack trace. Run with --info or --debug option to get more log output. Run with --scan to get full insights.
==============================================================================

* Get more help at https://help.gradle.org

BUILD FAILED in 663ms
2 actionable tasks: 2 executed
Configuration cache entry discarded with 3 problems.
</pre>
<h3>Gradle Version: 7.0.2</h3>
<h5>Base compatibility - FAIL</h5>
<pre>> Task :clean
> Task :compileJava NO-SOURCE
> Task :processResources NO-SOURCE
> Task :classes UP-TO-DATE
> Task :shadowJar FAILED

FAILURE: Build failed with an exception.

* What went wrong:
A problem was found with the configuration of task ':shadowJar' (type 'ShadowJar').
  - Type 'com.github.jengelman.gradle.plugins.shadow.tasks.ShadowJar' property 'transformers.$0.serviceEntries' is missing an input or output annotation.
    
    Reason: A property without annotation isn't considered during up-to-date checking.
    
    Possible solutions:
      1. Add an input or output annotation.
      2. Mark it as @Internal.
    
    Please refer to https://docs.gradle.org/7.0.2/userguide/validation_problems.html#missing_annotation for more details about this problem.

* Try:
Run with --stacktrace option to get the stack trace. Run with --info or --debug option to get more log output. Run with --scan to get full insights.

* Get more help at https://help.gradle.org

BUILD FAILED in 147ms
2 actionable tasks: 2 executed
</pre>
<h5>Incremental build - N/A</h5>
<h5>Build cache - N/A</h5>
<h3>Gradle Version: 6.8.3</h3>
<h5>Base compatibility - OK</h5>
<pre>> Task :clean
> Task :compileJava NO-SOURCE
> Task :processResources NO-SOURCE
> Task :classes UP-TO-DATE
> Task :shadowJar

Deprecated Gradle features were used in this build, making it incompatible with Gradle 7.0.
Use '--warning-mode all' to show the individual deprecation warnings.
See https://docs.gradle.org/6.8.3/userguide/command_line_interface.html#sec:command_line_warnings

BUILD SUCCESSFUL in 2s
2 actionable tasks: 2 executed
</pre>
<h5>Incremental build - OK</h5>
<pre>> Task :compileJava NO-SOURCE
> Task :processResources NO-SOURCE
> Task :classes UP-TO-DATE
> Task :shadowJar UP-TO-DATE

Deprecated Gradle features were used in this build, making it incompatible with Gradle 7.0.
Use '--warning-mode all' to show the individual deprecation warnings.
See https://docs.gradle.org/6.8.3/userguide/command_line_interface.html#sec:command_line_warnings

BUILD SUCCESSFUL in 173ms
1 actionable task: 1 up-to-date
</pre>
<h5>Build cache - FAIL</h5>
<pre>> Task :clean
> Task :compileJava NO-SOURCE
> Task :processResources NO-SOURCE
> Task :classes UP-TO-DATE
> Task :shadowJar

Deprecated Gradle features were used in this build, making it incompatible with Gradle 7.0.
Use '--warning-mode all' to show the individual deprecation warnings.
See https://docs.gradle.org/6.8.3/userguide/command_line_interface.html#sec:command_line_warnings

BUILD SUCCESSFUL in 385ms
2 actionable tasks: 2 executed
</pre>
<h3>Gradle Version: 5.6.4</h3>
<h5>Base compatibility - OK</h5>
<pre>> Task :clean
> Task :compileJava NO-SOURCE
> Task :processResources NO-SOURCE
> Task :classes UP-TO-DATE
> Task :shadowJar

BUILD SUCCESSFUL in 3s
2 actionable tasks: 2 executed
</pre>
<h5>Incremental build - OK</h5>
<pre>> Task :compileJava NO-SOURCE
> Task :processResources NO-SOURCE
> Task :classes UP-TO-DATE
> Task :shadowJar UP-TO-DATE

BUILD SUCCESSFUL in 95ms
1 actionable task: 1 up-to-date
</pre>
<h5>Build cache - FAIL</h5>
<pre>> Task :clean
> Task :compileJava NO-SOURCE
> Task :processResources NO-SOURCE
> Task :classes UP-TO-DATE
> Task :shadowJar

BUILD SUCCESSFUL in 402ms
2 actionable tasks: 2 executed
</pre>
<h2>Version: 6.1.0</h2>
<h5>Validation check - OK</h5>
<pre>> Task :validatePluginWithId_com_github_jengelman_gradle_plugins_shadow_ShadowBasePlugin
> Task :validatePluginWithId_com_github_jengelman_gradle_plugins_shadow_ShadowJavaPlugin
> Task :validatePluginWithId_com_github_johnrengelman_shadow
> Task :validateExternalPlugins

BUILD SUCCESSFUL in 5s
3 actionable tasks: 3 executed
</pre>
<h5>Configuration cache - OK</h5>
<pre>Configuration cache is an incubating feature.
Calculating task graph as no configuration cache is available for tasks: clean :shadowJar
> Task :clean
> Task :compileJava NO-SOURCE
> Task :processResources NO-SOURCE
> Task :classes UP-TO-DATE
> Task :shadowJar

BUILD SUCCESSFUL in 744ms
2 actionable tasks: 2 executed
Configuration cache entry stored.
</pre>
<h3>Gradle Version: 7.0.2</h3>
<h5>Base compatibility - OK</h5>
<pre>> Task :clean
> Task :compileJava NO-SOURCE
> Task :processResources NO-SOURCE
> Task :classes UP-TO-DATE
> Task :shadowJar

BUILD SUCCESSFUL in 267ms
2 actionable tasks: 2 executed
</pre>
<h5>Incremental build - OK</h5>
<pre>> Task :compileJava NO-SOURCE
> Task :processResources NO-SOURCE
> Task :classes UP-TO-DATE
> Task :shadowJar UP-TO-DATE

BUILD SUCCESSFUL in 104ms
1 actionable task: 1 up-to-date
</pre>
<h5>Build cache - FAIL</h5>
<pre>> Task :clean
> Task :compileJava NO-SOURCE
> Task :processResources NO-SOURCE
> Task :classes UP-TO-DATE
> Task :shadowJar

BUILD SUCCESSFUL in 306ms
2 actionable tasks: 2 executed
</pre>
<h3>Gradle Version: 6.8.3</h3>
<h5>Base compatibility - OK</h5>
<pre>> Task :clean
> Task :compileJava NO-SOURCE
> Task :processResources NO-SOURCE
> Task :classes UP-TO-DATE
> Task :shadowJar

BUILD SUCCESSFUL in 1s
2 actionable tasks: 2 executed
</pre>
<h5>Incremental build - OK</h5>
<pre>> Task :compileJava NO-SOURCE
> Task :processResources NO-SOURCE
> Task :classes UP-TO-DATE
> Task :shadowJar UP-TO-DATE

BUILD SUCCESSFUL in 152ms
1 actionable task: 1 up-to-date
</pre>
<h5>Build cache - FAIL</h5>
<pre>> Task :clean
> Task :compileJava NO-SOURCE
> Task :processResources NO-SOURCE
> Task :classes UP-TO-DATE
> Task :shadowJar

BUILD SUCCESSFUL in 291ms
2 actionable tasks: 2 executed
</pre>
<h3>Gradle Version: 5.6.4</h3>
<h5>Base compatibility - FAIL</h5>
<pre>
FAILURE: Build failed with an exception.

* Where:
Build file '/home/runner/work/gradle-plugin-verification/gradle-plugin-verification/build/verified-plugins/com.github.johnrengelman.shadow/build.gradle' line: 4

* What went wrong:
An exception occurred applying plugin request [id: 'com.github.johnrengelman.shadow', version: '6.1.0']
> Failed to apply plugin [class 'com.github.jengelman.gradle.plugins.shadow.ShadowBasePlugin']
   > This version of Shadow supports Gradle 6.0+ only. Please upgrade.

* Try:
Run with --stacktrace option to get the stack trace. Run with --info or --debug option to get more log output. Run with --scan to get full insights.

* Get more help at https://help.gradle.org

BUILD FAILED in 1s
</pre>
<h5>Incremental build - N/A</h5>
<h5>Build cache - N/A</h5>
<h2>Version: 7.0.0</h2>
<h5>Validation check - OK</h5>
<pre>> Task :validatePluginWithId_com_github_jengelman_gradle_plugins_shadow_ShadowBasePlugin
> Task :validatePluginWithId_com_github_jengelman_gradle_plugins_shadow_ShadowJavaPlugin
> Task :validatePluginWithId_com_github_johnrengelman_shadow
> Task :validateExternalPlugins

BUILD SUCCESSFUL in 7s
3 actionable tasks: 3 executed
</pre>
<h5>Configuration cache - OK</h5>
<pre>Configuration cache is an incubating feature.
Reusing configuration cache.
> Task :clean
> Task :compileJava NO-SOURCE
> Task :processResources NO-SOURCE
> Task :classes UP-TO-DATE
> Task :shadowJar

BUILD SUCCESSFUL in 649ms
2 actionable tasks: 2 executed
Configuration cache entry reused.
</pre>
<h3>Gradle Version: 7.0.2</h3>
<h5>Base compatibility - OK</h5>
<pre>> Task :clean
> Task :compileJava NO-SOURCE
> Task :processResources NO-SOURCE
> Task :classes UP-TO-DATE
> Task :shadowJar

BUILD SUCCESSFUL in 361ms
2 actionable tasks: 2 executed
</pre>
<h5>Incremental build - OK</h5>
<pre>> Task :compileJava NO-SOURCE
> Task :processResources NO-SOURCE
> Task :classes UP-TO-DATE
> Task :shadowJar UP-TO-DATE

BUILD SUCCESSFUL in 129ms
1 actionable task: 1 up-to-date
</pre>
<h5>Build cache - FAIL</h5>
<pre>> Task :clean
> Task :compileJava NO-SOURCE
> Task :processResources NO-SOURCE
> Task :classes UP-TO-DATE
> Task :shadowJar

BUILD SUCCESSFUL in 283ms
2 actionable tasks: 2 executed
</pre>
<h3>Gradle Version: 6.8.3</h3>
<h5>Base compatibility - FAIL</h5>
<pre>
FAILURE: Build failed with an exception.

* Where:
Build file '/home/runner/work/gradle-plugin-verification/gradle-plugin-verification/build/verified-plugins/com.github.johnrengelman.shadow/build.gradle' line: 4

* What went wrong:
An exception occurred applying plugin request [id: 'com.github.johnrengelman.shadow', version: '7.0.0']
> Failed to apply plugin class 'com.github.jengelman.gradle.plugins.shadow.ShadowBasePlugin'.
   > This version of Shadow supports Gradle 7.0+ only. Please upgrade.

* Try:
Run with --stacktrace option to get the stack trace. Run with --info or --debug option to get more log output. Run with --scan to get full insights.

* Get more help at https://help.gradle.org

BUILD FAILED in 1s
</pre>
<h5>Incremental build - N/A</h5>
<h5>Build cache - N/A</h5>
<h3>Gradle Version: 5.6.4</h3>
<h5>Base compatibility - FAIL</h5>
<pre>
FAILURE: Build failed with an exception.

* Where:
Build file '/home/runner/work/gradle-plugin-verification/gradle-plugin-verification/build/verified-plugins/com.github.johnrengelman.shadow/build.gradle' line: 4

* What went wrong:
An exception occurred applying plugin request [id: 'com.github.johnrengelman.shadow', version: '7.0.0']
> Failed to apply plugin [class 'com.github.jengelman.gradle.plugins.shadow.ShadowBasePlugin']
   > This version of Shadow supports Gradle 7.0+ only. Please upgrade.

* Try:
Run with --stacktrace option to get the stack trace. Run with --info or --debug option to get more log output. Run with --scan to get full insights.

* Get more help at https://help.gradle.org

BUILD FAILED in 2s
</pre>
<h5>Incremental build - N/A</h5>
<h5>Build cache - N/A</h5>
<h1>Plugin: com.github.spotbugs</h1>
<h2>Version: 4.6.0</h2>
<h5>Validation check - FAIL</h5>
<pre>Daemon will be stopped at the end of the build after running out of JVM memory

FAILURE: Build failed with an exception.

* What went wrong:
Metaspace

* Try:
Run with --stacktrace option to get the stack trace. Run with --info or --debug option to get more log output. Run with --scan to get full insights.

* Get more help at https://help.gradle.org

BUILD FAILED in 32s
</pre>
<h5>Configuration cache - FAIL</h5>
<pre>Configuration cache is an incubating feature.
Calculating task graph as no configuration cache is available for tasks: clean :spotbugsMain
> Task :clean UP-TO-DATE
> Task :compileJava
> Task :processResources NO-SOURCE
> Task :classes
> Task :spotbugsMain

FAILURE: Build failed with an exception.

* What went wrong:
Configuration cache problems found in this build.

7 problems were found storing the configuration cache, 1 of which seems unique.
- Task `:spotbugsMain` of type `com.github.spotbugs.snom.SpotBugsTask`: invocation of 'Task.project' at execution time is unsupported.
  See https://docs.gradle.org/7.0.2/userguide/configuration_cache.html#config_cache:requirements:use_project_during_execution

See the complete report at file:///home/runner/work/gradle-plugin-verification/gradle-plugin-verification/build/verified-plugins/com.github.spotbugs/build/reports/configuration-cache/41uqdxv2ldl6eg0g8u34vcx9u/configuration-cache-report.html
> Invocation of 'Task.project' by task ':spotbugsMain' at execution time is unsupported.
> Invocation of 'Task.project' by task ':spotbugsMain' at execution time is unsupported.
> Invocation of 'Task.project' by task ':spotbugsMain' at execution time is unsupported.
> Invocation of 'Task.project' by task ':spotbugsMain' at execution time is unsupported.
> Invocation of 'Task.project' by task ':spotbugsMain' at execution time is unsupported.

* Try:
Run with --stacktrace option to get the stack trace. Run with --info or --debug option to get more log output. Run with --scan to get full insights.

* Get more help at https://help.gradle.org

BUILD FAILED in 18s
3 actionable tasks: 2 executed, 1 up-to-date
Configuration cache entry discarded with 7 problems.
</pre>
<h3>Gradle Version: 7.0.2</h3>
<h5>Base compatibility - OK</h5>
<pre>> Task :clean
> Task :compileJava
> Task :processResources NO-SOURCE
> Task :classes
> Task :spotbugsMain

BUILD SUCCESSFUL in 894ms
3 actionable tasks: 3 executed
</pre>
<h5>Incremental build - OK</h5>
<pre>> Task :compileJava UP-TO-DATE
> Task :processResources NO-SOURCE
> Task :classes UP-TO-DATE
> Task :spotbugsMain UP-TO-DATE

BUILD SUCCESSFUL in 99ms
2 actionable tasks: 2 up-to-date
</pre>
<h5>Build cache - FAIL</h5>
<pre>> Task :clean
> Task :compileJava
> Task :processResources NO-SOURCE
> Task :classes
> Task :spotbugsMain

BUILD SUCCESSFUL in 561ms
3 actionable tasks: 3 executed
</pre>
<h3>Gradle Version: 6.8.3</h3>
<h5>Base compatibility - OK</h5>
<pre>> Task :clean
> Task :compileJava
> Task :processResources NO-SOURCE
> Task :classes
> Task :spotbugsMain

BUILD SUCCESSFUL in 32s
3 actionable tasks: 3 executed
</pre>
<h5>Incremental build - OK</h5>
<pre>> Task :compileJava UP-TO-DATE
> Task :processResources NO-SOURCE
> Task :classes UP-TO-DATE
> Task :spotbugsMain UP-TO-DATE

BUILD SUCCESSFUL in 257ms
2 actionable tasks: 2 up-to-date
</pre>
<h5>Build cache - FAIL</h5>
<pre>> Task :clean
> Task :compileJava
> Task :processResources NO-SOURCE
> Task :classes
> Task :spotbugsMain

BUILD SUCCESSFUL in 778ms
3 actionable tasks: 3 executed
</pre>
<h3>Gradle Version: 5.6.4</h3>
<h5>Base compatibility - OK</h5>
<pre>> Task :clean
> Task :compileJava
> Task :processResources NO-SOURCE
> Task :classes
> Task :spotbugsMain

BUILD SUCCESSFUL in 29s
3 actionable tasks: 3 executed
</pre>
<h5>Incremental build - OK</h5>
<pre>> Task :compileJava UP-TO-DATE
> Task :processResources NO-SOURCE
> Task :classes UP-TO-DATE
> Task :spotbugsMain UP-TO-DATE

BUILD SUCCESSFUL in 266ms
2 actionable tasks: 2 up-to-date
</pre>
<h5>Build cache - FAIL</h5>
<pre>> Task :clean
> Task :compileJava
> Task :processResources NO-SOURCE
> Task :classes
> Task :spotbugsMain

BUILD SUCCESSFUL in 598ms
3 actionable tasks: 3 executed
</pre>
</body></html>
