<html><body>
<h1>Plugin: io.quarkus</h1>
<h2 id='1.13.4.Final'>Version: 1.13.4.Final</h2>
<h5>Validation check - OK</h5>
<a href="https://gradle.com/s/zvlhghpemj7ty"  target="_blank">Build scan</a>
<pre>> Task :validatePluginWithId_io_quarkus
> Task :validateExternalPlugins

BUILD SUCCESSFUL in 758ms
1 actionable task: 1 executed

Publishing build scan...
https://gradle.com/s/zvlhghpemj7ty

</pre>
<h5>Eager task creation check - FAIL</h5>
<a href="https://gradle.com/s/km5vbxdr2zos2"  target="_blank">Build scan</a>
<pre>> Task :checkEagerTaskCreation FAILED

FAILURE: Build failed with an exception.

* Where:
Initialization script '/home/runner/work/gradle-plugin-verification/gradle-plugin-verification/build/plugins/validate-plugin-init.gradle' line: 16

* What went wrong:
Execution failed for task ':checkEagerTaskCreation'.
> Tasks are created eagerly by plugin: 
  :listExtensions
  :listPlatforms
  :addExtension
  :removeExtension
  :generateConfig
  :quarkusGenerateCode
  :quarkusGenerateCodeTests
  :quarkusBuild
  :quarkusDev
  :quarkusRemoteDev
  :quarkusTestConfig
  :buildNative
  :assemble
  :compileJava
  :compileTestJava
  :classes
  :processResources
  :jar
  :testNative
  :test

* Try:
Run with --stacktrace option to get the stack trace. Run with --info or --debug option to get more log output. Run with --scan to get full insights.

* Get more help at https://help.gradle.org

BUILD FAILED in 281ms
1 actionable task: 1 executed

Publishing build scan...
https://gradle.com/s/km5vbxdr2zos2

</pre>
<h5>Configuration cache - FAIL</h5>
<a href="https://gradle.com/s/kv74s6tolso4q"  target="_blank">Build scan</a>
<pre>Configuration cache is an incubating feature.
Calculating task graph as no configuration cache is available for tasks: clean quarkusBuild
> Task :clean

> Task :quarkusGenerateCode
preparing quarkus application

> Task :compileJava
> Task :processResources
> Task :classes
> Task :jar

> Task :quarkusBuild
building quarkus jar

FAILURE: Build failed with an exception.

* What went wrong:
Configuration cache problems found in this build.

10 problems were found storing the configuration cache, 3 of which seem unique.
- Task `:quarkusBuild` of type `io.quarkus.gradle.tasks.QuarkusBuild`: invocation of 'Task.project' at execution time is unsupported.
  See https://docs.gradle.org/7.0.2/userguide/configuration_cache.html#config_cache:requirements:use_project_during_execution
- Task `:quarkusGenerateCode` of type `io.quarkus.gradle.tasks.QuarkusGenerateCode`: cannot serialize object of type 'org.gradle.api.tasks.compile.JavaCompile', a subtype of 'org.gradle.api.Task', as these are not supported with the configuration cache.
  See https://docs.gradle.org/7.0.2/userguide/configuration_cache.html#config_cache:requirements:task_access
- Task `:quarkusGenerateCode` of type `io.quarkus.gradle.tasks.QuarkusGenerateCode`: invocation of 'Task.project' at execution time is unsupported.
  See https://docs.gradle.org/7.0.2/userguide/configuration_cache.html#config_cache:requirements:use_project_during_execution

See the complete report at file:///home/runner/work/gradle-plugin-verification/gradle-plugin-verification/build/plugins/primary/io.quarkus/build/reports/configuration-cache/52a8139a7a434z9x0c5p3z06m/configuration-cache-report.html
> Invocation of 'Task.project' by task ':quarkusGenerateCode' at execution time is unsupported.
> Invocation of 'Task.project' by task ':quarkusGenerateCode' at execution time is unsupported.
> Invocation of 'Task.project' by task ':quarkusGenerateCode' at execution time is unsupported.
> Invocation of 'Task.project' by task ':quarkusGenerateCode' at execution time is unsupported.
> Invocation of 'Task.project' by task ':quarkusGenerateCode' at execution time is unsupported.

* Try:
Run with --stacktrace option to get the stack trace. Run with --info or --debug option to get more log output. Run with --scan to get full insights.

* Get more help at https://help.gradle.org

BUILD FAILED in 3s
6 actionable tasks: 6 executed

Publishing build scan...
https://gradle.com/s/kv74s6tolso4q

Configuration cache entry discarded with 10 problems.
</pre>
<h3>Gradle Version: 7.0.2</h3>
<h5>Base compatibility - OK</h5>
<a href="https://gradle.com/s/pfk5tslh2jzwc"  target="_blank">Build scan</a>
<pre>> Task :clean

> Task :quarkusGenerateCode
preparing quarkus application

> Task :compileJava FROM-CACHE
> Task :processResources
> Task :classes
> Task :jar

> Task :quarkusBuild
building quarkus jar

BUILD SUCCESSFUL in 2s
6 actionable tasks: 5 executed, 1 from cache

Publishing build scan...
https://gradle.com/s/pfk5tslh2jzwc

</pre>
<h5>Incremental build - OK</h5>
<a href="https://gradle.com/s/xr53ut5n7ocvu"  target="_blank">Build scan</a>
<pre>
> Task :quarkusGenerateCode
preparing quarkus application

> Task :compileJava UP-TO-DATE
> Task :processResources UP-TO-DATE
> Task :classes UP-TO-DATE
> Task :jar UP-TO-DATE
> Task :quarkusBuild UP-TO-DATE

BUILD SUCCESSFUL in 755ms
5 actionable tasks: 1 executed, 4 up-to-date

Publishing build scan...
https://gradle.com/s/xr53ut5n7ocvu

</pre>
<h5>Build cache - FAIL</h5>
<a href="https://gradle.com/s/rd75lt2h2xguw"  target="_blank">Build scan</a>
<pre>> Task :clean

> Task :quarkusGenerateCode
preparing quarkus application

> Task :compileJava FROM-CACHE
> Task :processResources
> Task :classes
> Task :jar

> Task :quarkusBuild
building quarkus jar

BUILD SUCCESSFUL in 1s
6 actionable tasks: 5 executed, 1 from cache

Publishing build scan...
https://gradle.com/s/rd75lt2h2xguw

</pre>
<h5>Build cache relocated - FAIL</h5>
<a href="https://gradle.com/s/qfhcn6psa56c4"  target="_blank">Build scan</a>
<pre>
> Task :quarkusGenerateCode
preparing quarkus application

> Task :compileJava FROM-CACHE
> Task :processResources
> Task :classes
> Task :jar

> Task :quarkusBuild
building quarkus jar

BUILD SUCCESSFUL in 2s
5 actionable tasks: 4 executed, 1 from cache

Publishing build scan...
https://gradle.com/s/qfhcn6psa56c4

</pre>
<h3>Gradle Version: 6.8.3</h3>
<h5>Base compatibility - OK</h5>
<a href="https://gradle.com/s/b42qkmoq5rnou"  target="_blank">Build scan</a>
<pre>> Task :clean

> Task :quarkusGenerateCode
preparing quarkus application

> Task :compileJava FROM-CACHE
> Task :processResources
> Task :classes
> Task :jar

> Task :quarkusBuild
building quarkus jar

BUILD SUCCESSFUL in 3s
6 actionable tasks: 5 executed, 1 from cache

Publishing build scan...
https://gradle.com/s/b42qkmoq5rnou

</pre>
<h5>Incremental build - OK</h5>
<a href="https://gradle.com/s/q5k4zvhkpo3f2"  target="_blank">Build scan</a>
<pre>
> Task :quarkusGenerateCode
preparing quarkus application

> Task :compileJava UP-TO-DATE
> Task :processResources UP-TO-DATE
> Task :classes UP-TO-DATE
> Task :jar UP-TO-DATE
> Task :quarkusBuild UP-TO-DATE

BUILD SUCCESSFUL in 928ms
5 actionable tasks: 1 executed, 4 up-to-date

Publishing build scan...
https://gradle.com/s/q5k4zvhkpo3f2

</pre>
<h5>Build cache - FAIL</h5>
<a href="https://gradle.com/s/isghuwk37qb62"  target="_blank">Build scan</a>
<pre>> Task :clean

> Task :quarkusGenerateCode
preparing quarkus application

> Task :compileJava FROM-CACHE
> Task :processResources
> Task :classes
> Task :jar

> Task :quarkusBuild
building quarkus jar

BUILD SUCCESSFUL in 2s
6 actionable tasks: 5 executed, 1 from cache

Publishing build scan...
https://gradle.com/s/isghuwk37qb62

</pre>
<h5>Build cache relocated - FAIL</h5>
<a href="https://gradle.com/s/5oncdpwej6iiq"  target="_blank">Build scan</a>
<pre>
> Task :quarkusGenerateCode
preparing quarkus application

> Task :compileJava FROM-CACHE
> Task :processResources
> Task :classes
> Task :jar

> Task :quarkusBuild
building quarkus jar

BUILD SUCCESSFUL in 2s
5 actionable tasks: 4 executed, 1 from cache

Publishing build scan...
https://gradle.com/s/5oncdpwej6iiq

</pre>
<h3>Gradle Version: 5.6.4</h3>
<h5>Base compatibility - OK</h5>
<a href="https://gradle.com/s/3yrv73hfcmpri"  target="_blank">Build scan</a>
<pre>> Task :clean

> Task :quarkusGenerateCode
preparing quarkus application

> Task :compileJava FROM-CACHE
> Task :processResources
> Task :classes
> Task :jar

> Task :quarkusBuild
building quarkus jar

BUILD SUCCESSFUL in 2s
6 actionable tasks: 5 executed, 1 from cache

Publishing build scan...
https://gradle.com/s/3yrv73hfcmpri

</pre>
<h5>Incremental build - OK</h5>
<a href="https://gradle.com/s/ioavgk6rtyvny"  target="_blank">Build scan</a>
<pre>
> Task :quarkusGenerateCode
preparing quarkus application

> Task :compileJava UP-TO-DATE
> Task :processResources UP-TO-DATE
> Task :classes UP-TO-DATE
> Task :jar UP-TO-DATE
> Task :quarkusBuild UP-TO-DATE

BUILD SUCCESSFUL in 937ms
5 actionable tasks: 1 executed, 4 up-to-date

Publishing build scan...
https://gradle.com/s/ioavgk6rtyvny

</pre>
<h5>Build cache - FAIL</h5>
<a href="https://gradle.com/s/k2va6v625otws"  target="_blank">Build scan</a>
<pre>> Task :clean

> Task :quarkusGenerateCode
preparing quarkus application

> Task :compileJava FROM-CACHE
> Task :processResources
> Task :classes
> Task :jar

> Task :quarkusBuild
building quarkus jar

BUILD SUCCESSFUL in 2s
6 actionable tasks: 5 executed, 1 from cache

Publishing build scan...
https://gradle.com/s/k2va6v625otws

</pre>
<h5>Build cache relocated - FAIL</h5>
<a href="https://gradle.com/s/juvte3feltctq"  target="_blank">Build scan</a>
<pre>
> Task :quarkusGenerateCode
preparing quarkus application

> Task :compileJava FROM-CACHE
> Task :processResources
> Task :classes
> Task :jar

> Task :quarkusBuild
building quarkus jar

BUILD SUCCESSFUL in 2s
5 actionable tasks: 4 executed, 1 from cache

Publishing build scan...
https://gradle.com/s/juvte3feltctq

</pre>
</body></html>
