<html><body>
<h1>Plugin: org.liquibase.gradle</h1>
<h2 id='2.0.4'>Version: 2.0.4</h2>
<h5>Validation check - OK</h5>
<a href="https://gradle.com/s/ERROR"  target="_blank">Build scan</a>
<pre>> Task :validatePluginWithId_org_liquibase_gradle
> Task :validateExternalPlugins

BUILD SUCCESSFUL in 6s
1 actionable task: 1 executed

Publishing build scan...
https://gradle.com/s/ryuwylqsvzpo6

</pre>
<h5>Eager task creation check - FAIL</h5>
<a href="https://gradle.com/s/ERROR"  target="_blank">Build scan</a>
<pre>> Task :checkEagerTaskCreation FAILED

FAILURE: Build failed with an exception.

* Where:
Initialization script '/home/runner/work/gradle-plugin-verification/gradle-plugin-verification/build/plugins/validate-plugin-init.gradle' line: 16

* What went wrong:
Execution failed for task ':checkEagerTaskCreation'.
> Tasks are created eagerly by plugin: 
  :update
  :updateSQL
  :futureRollbackSQL
  :updateTestingRollback
  :listLocks
  :dropAll
  :releaseLocks
  :validate
  :diff
  :diffChangeLog
  :snapshot
  :snapshotReference
  :clearChecksums
  :changelogSync
  :changelogSyncSQL
  :markNextChangesetRan
  :markNextChangesetRanSQL
  :status
  :generateChangelog
  :unexpectedChangeSets
  :updateCount
  :updateCountSql
  :updateToTag
  :updateToTagSQL
  :rollback
  :rollbackToDate
  :rollbackCount
  :rollbackSQL
  :rollbackToDateSQL
  :rollbackCountSQL
  :futureRollbackCountSQL
  :tag
  :tagExists
  :executeSql
  :calculateCheckSum
  :dbDoc


* Try:
Run with --stacktrace option to get the stack trace. Run with --info or --debug option to get more log output. Run with --scan to get full insights.

* Get more help at https://help.gradle.org

BUILD FAILED in 297ms
1 actionable task: 1 executed

Publishing build scan...
Publishing build scan failed due to network error 'java.net.SocketTimeoutException: Read timed out' (2 retries remaining)...
https://gradle.com/s/qarzncdmvfsgk

</pre>
<h5>Configuration cache - FAIL</h5>
<a href="https://gradle.com/s/ERROR"  target="_blank">Build scan</a>
<pre>Configuration cache is an incubating feature.
Calculating task graph as no configuration cache is available for tasks: validate
> Task :validate

FAILURE: Build failed with an exception.

* What went wrong:
Configuration cache problems found in this build.

2 problems were found storing the configuration cache, 1 of which seems unique.
- Task `:validate` of type `org.liquibase.gradle.LiquibaseTask`: invocation of 'Task.project' at execution time is unsupported.
  See https://docs.gradle.org/7.0.2/userguide/configuration_cache.html#config_cache:requirements:use_project_during_execution

See the complete report at file:///home/runner/work/gradle-plugin-verification/gradle-plugin-verification/build/plugins/primary/org.liquibase.gradle/build/reports/configuration-cache/dlz8wye4xa0y6i8wl7r8lgl7v/configuration-cache-report.html
> Invocation of 'Task.project' by task ':validate' at execution time is unsupported.
> Invocation of 'Task.project' by task ':validate' at execution time is unsupported.

* Try:
Run with --stacktrace option to get the stack trace. Run with --info or --debug option to get more log output. Run with --scan to get full insights.

* Get more help at https://help.gradle.org

BUILD FAILED in 1s
1 actionable task: 1 executed

Publishing build scan...
https://gradle.com/s/spvwkufjtx2bs

Configuration cache entry discarded with 2 problems.
</pre>
<h3>Gradle Version: 7.0.2</h3>
<h5>Base compatibility - OK</h5>
<a href="https://gradle.com/s/ERROR"  target="_blank">Build scan</a>
<pre>> Task :validate

BUILD SUCCESSFUL in 342ms
1 actionable task: 1 executed

Publishing build scan...
Publishing build scan failed due to network error 'java.net.SocketTimeoutException: Read timed out' (2 retries remaining)...
Publishing build scan failed due to network error 'java.net.SocketTimeoutException: Read timed out' (1 retry remaining)...
https://gradle.com/s/bvh474mf5fxsu

</pre>
<h5>Incremental build - N/A</h5>
<h5>Build cache - N/A</h5>
<h5>Build cache relocated - N/A</h5>
<h3>Gradle Version: 6.8.3</h3>
<h5>Base compatibility - OK</h5>
<a href="https://gradle.com/s/ERROR"  target="_blank">Build scan</a>
<pre>> Task :validate

BUILD SUCCESSFUL in 1s
1 actionable task: 1 executed

Publishing build scan...
https://gradle.com/s/gaudlvrubxcss

</pre>
<h5>Incremental build - N/A</h5>
<h5>Build cache - N/A</h5>
<h5>Build cache relocated - N/A</h5>
<h3>Gradle Version: 5.6.4</h3>
<h5>Base compatibility - OK</h5>
<a href="https://gradle.com/s/ERROR"  target="_blank">Build scan</a>
<pre>> Task :validate

BUILD SUCCESSFUL in 2s
1 actionable task: 1 executed

Publishing build scan...
https://gradle.com/s/2yujaacg4zz5u

</pre>
<h5>Incremental build - N/A</h5>
<h5>Build cache - N/A</h5>
<h5>Build cache relocated - N/A</h5>
</body></html>
